# -*-compilation-*-
Processing `C:/Users/Matthew/OneDrive/Desktop/joy/joy_to_the_world_C_strings.ly'
Parsing...
C:/Users/Matthew/OneDrive/Desktop/joy/joy_to_the_world_C_strings.ly:8:8: error: wrong type for argument 1.  Expecting pitch, found "C"
  \key 
       C \major
Interpreting music...[8]
warning: forced break was overridden by some other event, should you be using bar checks?
warning: forced break was overridden by some other event, should you be using bar checks?
warning: forced break was overridden by some other event, should you be using bar checks?
warning: forced break was overridden by some other event, should you be using bar checks?
[16]
Preprocessing graphical objects...
Interpreting music...
MIDI output to `/Users/Matthew/OneDrive/Desktop/joy/joy_to_the_world_C_strings.mid'...
Finding the ideal number of pages...
Fitting music on 1 page...
Drawing systems...
Layout output to `./tmp-lilypond-WN0vIP'...
Converting to `/Users/Matthew/OneDrive/Desktop/joy/joy_to_the_world_C_strings.pdf'...
warning: `(gs -q -dNOSAFER -dDEVICEWIDTHPOINTS=612.00 -dDEVICEHEIGHTPOINTS=792.00 -dCompatibilityLevel=1.4 -dNOPAUSE -dBATCH -r1200 -sDEVICE=pdfwrite -dAutoRotatePages=/None -dPrinted=false -sOutputFile=/Users/Matthew/OneDrive/Desktop/joy/joy_to_the_world_C_strings.pdf -c.setpdfwrite -f./tmp-lilypond-WN0vIP)' failed (1)

fatal error: failed files: "C:\\Users\\Matthew\\OneDrive\\Desktop\\joy\\joy_to_the_world_C_strings.ly"
